# JRE version: OpenJDK Runtime Environment Temurin-17.0.7+7 (17.0.7+7) (build 17.0.7+7)
# Java VM: OpenJDK 64-Bit Server VM Temurin-17.0.7+7 (17.0.7+7, mixed mode, sharing, tiered, compressed oops, compressed class ptrs, g1 gc, windows-amd64)
GC Precious Log:
 CPUs: 12 total, 12 available
 Memory: 16247M
 Large Page Support: Disabled
 NUMA Support: Disabled
 Compressed Oops: Enabled (Zero based)
 Heap Region Size: 2M
 Heap Min Capacity: 512M
 Heap Initial Capacity: 512M
 Heap Max Capacity: 4072M
 Pre-touch: Disabled
 Parallel Workers: 10
 Concurrent Workers: 3
 Concurrent Refinement Workers: 10
 Periodic GC: Disabled
 String Deduplication is enabled
Heap:
 garbage-first heap   total 524288K, used 139358K [0x0000000701800000, 0x0000000800000000)
  region size 2048K, 27 young (55296K), 2 survivors (4096K)
 Metaspace       used 80064K, committed 80704K, reserved 1179648K
  class space    used 11000K, committed 11328K, reserved 1048576K
GC Heap History (20 events):
Event: 894.815 GC heap before
{Heap before GC invocations=51 (full 2):
 garbage-first heap   total 524288K, used 168746K [0x0000000701800000, 0x0000000800000000)
  region size 2048K, 40 young (81920K), 1 survivors (2048K)
 Metaspace       used 79219K, committed 79808K, reserved 1179648K
  class space    used 10908K, committed 11200K, reserved 1048576K
}
Event: 894.816 GC heap after
{Heap after GC invocations=52 (full 2):
 garbage-first heap   total 524288K, used 89341K [0x0000000701800000, 0x0000000800000000)
  region size 2048K, 1 young (2048K), 1 survivors (2048K)
 Metaspace       used 79219K, committed 79808K, reserved 1179648K
  class space    used 10908K, committed 11200K, reserved 1048576K
}
Event: 895.443 GC heap before
{Heap before GC invocations=52 (full 2):
 garbage-first heap   total 524288K, used 169213K [0x0000000701800000, 0x0000000800000000)
  region size 2048K, 40 young (81920K), 1 survivors (2048K)
 Metaspace       used 79221K, committed 79808K, reserved 1179648K
  class space    used 10908K, committed 11200K, reserved 1048576K
}
Event: 895.444 GC heap after
{Heap after GC invocations=53 (full 2):
 garbage-first heap   total 524288K, used 89367K [0x0000000701800000, 0x0000000800000000)
  region size 2048K, 1 young (2048K), 1 survivors (2048K)
 Metaspace       used 79221K, committed 79808K, reserved 1179648K
  class space    used 10908K, committed 11200K, reserved 1048576K
}
Event: 904.737 GC heap before
{Heap before GC invocations=53 (full 2):
 garbage-first heap   total 524288K, used 169239K [0x0000000701800000, 0x0000000800000000)
  region size 2048K, 40 young (81920K), 1 survivors (2048K)
 Metaspace       used 79815K, committed 80512K, reserved 1179648K
  class space    used 10995K, committed 11328K, reserved 1048576K
}
Event: 904.739 GC heap after
{Heap after GC invocations=54 (full 2):
 garbage-first heap   total 524288K, used 89865K [0x0000000701800000, 0x0000000800000000)
  region size 2048K, 1 young (2048K), 1 survivors (2048K)
 Metaspace       used 79815K, committed 80512K, reserved 1179648K
  class space    used 10995K, committed 11328K, reserved 1048576K
}
Event: 920.318 GC heap before
{Heap before GC invocations=54 (full 2):
 garbage-first heap   total 524288K, used 169737K [0x0000000701800000, 0x0000000800000000)
  region size 2048K, 40 young (81920K), 1 survivors (2048K)
 Metaspace       used 79862K, committed 80512K, reserved 1179648K
  class space    used 10995K, committed 11328K, reserved 1048576K
}
Event: 920.321 GC heap after
{Heap after GC invocations=55 (full 2):
 garbage-first heap   total 524288K, used 89758K [0x0000000701800000, 0x0000000800000000)
  region size 2048K, 1 young (2048K), 1 survivors (2048K)
 Metaspace       used 79862K, committed 80512K, reserved 1179648K
  class space    used 10995K, committed 11328K, reserved 1048576K
}
Event: 947.452 GC heap before
{Heap before GC invocations=55 (full 2):
 garbage-first heap   total 524288K, used 169630K [0x0000000701800000, 0x0000000800000000)
  region size 2048K, 40 young (81920K), 1 survivors (2048K)
 Metaspace       used 79900K, committed 80576K, reserved 1179648K
  class space    used 10995K, committed 11328K, reserved 1048576K
}
Event: 947.454 GC heap after
{Heap after GC invocations=56 (full 2):
 garbage-first heap   total 524288K, used 89732K [0x0000000701800000, 0x0000000800000000)
  region size 2048K, 1 young (2048K), 1 survivors (2048K)
 Metaspace       used 79900K, committed 80576K, reserved 1179648K
  class space    used 10995K, committed 11328K, reserved 1048576K
}
Event: 984.303 GC heap before
{Heap before GC invocations=56 (full 2):
 garbage-first heap   total 524288K, used 169604K [0x0000000701800000, 0x0000000800000000)
  region size 2048K, 40 young (81920K), 1 survivors (2048K)
 Metaspace       used 79919K, committed 80576K, reserved 1179648K
  class space    used 10995K, committed 11328K, reserved 1048576K
}
Event: 984.305 GC heap after
{Heap after GC invocations=57 (full 2):
 garbage-first heap   total 524288K, used 89714K [0x0000000701800000, 0x0000000800000000)
  region size 2048K, 1 young (2048K), 1 survivors (2048K)
 Metaspace       used 79919K, committed 80576K, reserved 1179648K
  class space    used 10995K, committed 11328K, reserved 1048576K
}
Event: 1027.481 GC heap before
{Heap before GC invocations=57 (full 2):
 garbage-first heap   total 524288K, used 169586K [0x0000000701800000, 0x0000000800000000)
  region size 2048K, 40 young (81920K), 1 survivors (2048K)
 Metaspace       used 79944K, committed 80640K, reserved 1179648K
  class space    used 11000K, committed 11328K, reserved 1048576K
}
Event: 1027.484 GC heap after
{Heap after GC invocations=58 (full 2):
 garbage-first heap   total 524288K, used 89757K [0x0000000701800000, 0x0000000800000000)
  region size 2048K, 1 young (2048K), 1 survivors (2048K)
 Metaspace       used 79944K, committed 80640K, reserved 1179648K
  class space    used 11000K, committed 11328K, reserved 1048576K
}
Event: 1094.218 GC heap before
{Heap before GC invocations=58 (full 2):
 garbage-first heap   total 524288K, used 169629K [0x0000000701800000, 0x0000000800000000)
  region size 2048K, 40 young (81920K), 1 survivors (2048K)
 Metaspace       used 79958K, committed 80640K, reserved 1179648K
  class space    used 11000K, committed 11328K, reserved 1048576K
}
Event: 1094.219 GC heap after
{Heap after GC invocations=59 (full 2):
 garbage-first heap   total 524288K, used 89716K [0x0000000701800000, 0x0000000800000000)
  region size 2048K, 1 young (2048K), 1 survivors (2048K)
 Metaspace       used 79958K, committed 80640K, reserved 1179648K
  class space    used 11000K, committed 11328K, reserved 1048576K
}
Event: 1102.013 GC heap before
{Heap before GC invocations=59 (full 2):
 garbage-first heap   total 524288K, used 169588K [0x0000000701800000, 0x0000000800000000)
  region size 2048K, 40 young (81920K), 1 survivors (2048K)
 Metaspace       used 79989K, committed 80704K, reserved 1179648K
  class space    used 11000K, committed 11328K, reserved 1048576K
}
Event: 1102.016 GC heap after
{Heap after GC invocations=60 (full 2):
 garbage-first heap   total 524288K, used 90313K [0x0000000701800000, 0x0000000800000000)
  region size 2048K, 2 young (4096K), 2 survivors (4096K)
 Metaspace       used 79989K, committed 80704K, reserved 1179648K
  class space    used 11000K, committed 11328K, reserved 1048576K
}
Event: 1110.970 GC heap before
{Heap before GC invocations=60 (full 2):
 garbage-first heap   total 524288K, used 168137K [0x0000000701800000, 0x0000000800000000)
  region size 2048K, 40 young (81920K), 2 survivors (4096K)
 Metaspace       used 80026K, committed 80704K, reserved 1179648K
  class space    used 11000K, committed 11328K, reserved 1048576K
}
Event: 1110.973 GC heap after
{Heap after GC invocations=61 (full 2):
 garbage-first heap   total 524288K, used 90206K [0x0000000701800000, 0x0000000800000000)
  region size 2048K, 2 young (4096K), 2 survivors (4096K)
 Metaspace       used 80026K, committed 80704K, reserved 1179648K
  class space    used 11000K, committed 11328K, reserved 1048576K
}

