# JRE version: OpenJDK Runtime Environment Temurin-17.0.7+7 (17.0.7+7) (build 17.0.7+7)
# Java VM: OpenJDK 64-Bit Server VM Temurin-17.0.7+7 (17.0.7+7, mixed mode, sharing, tiered, compressed oops, compressed class ptrs, g1 gc, windows-amd64)
GC Precious Log:
 CPUs: 12 total, 12 available
 Memory: 16247M
 Large Page Support: Disabled
 NUMA Support: Disabled
 Compressed Oops: Enabled (Zero based)
 Heap Region Size: 2M
 Heap Min Capacity: 512M
 Heap Initial Capacity: 512M
 Heap Max Capacity: 4072M
 Pre-touch: Disabled
 Parallel Workers: 10
 Concurrent Workers: 3
 Concurrent Refinement Workers: 10
 Periodic GC: Disabled
 String Deduplication is enabled
Heap:
 garbage-first heap   total 524288K, used 101476K [0x0000000701800000, 0x0000000800000000)
  region size 2048K, 11 young (22528K), 2 survivors (4096K)
 Metaspace       used 82797K, committed 83520K, reserved 1179648K
  class space    used 11494K, committed 11840K, reserved 1048576K
GC Heap History (20 events):
Event: 1157.776 GC heap before
{Heap before GC invocations=81 (full 6):
 garbage-first heap   total 524288K, used 164287K [0x0000000701800000, 0x0000000800000000)
  region size 2048K, 40 young (81920K), 1 survivors (2048K)
 Metaspace       used 82727K, committed 83392K, reserved 1179648K
  class space    used 11494K, committed 11840K, reserved 1048576K
}
Event: 1157.779 GC heap after
{Heap after GC invocations=82 (full 6):
 garbage-first heap   total 524288K, used 84508K [0x0000000701800000, 0x0000000800000000)
  region size 2048K, 1 young (2048K), 1 survivors (2048K)
 Metaspace       used 82727K, committed 83392K, reserved 1179648K
  class space    used 11494K, committed 11840K, reserved 1048576K
}
Event: 1268.062 GC heap before
{Heap before GC invocations=82 (full 6):
 garbage-first heap   total 524288K, used 164380K [0x0000000701800000, 0x0000000800000000)
  region size 2048K, 40 young (81920K), 1 survivors (2048K)
 Metaspace       used 82735K, committed 83392K, reserved 1179648K
  class space    used 11494K, committed 11840K, reserved 1048576K
}
Event: 1268.065 GC heap after
{Heap after GC invocations=83 (full 6):
 garbage-first heap   total 524288K, used 84551K [0x0000000701800000, 0x0000000800000000)
  region size 2048K, 1 young (2048K), 1 survivors (2048K)
 Metaspace       used 82735K, committed 83392K, reserved 1179648K
  class space    used 11494K, committed 11840K, reserved 1048576K
}
Event: 1349.761 GC heap before
{Heap before GC invocations=83 (full 6):
 garbage-first heap   total 524288K, used 164423K [0x0000000701800000, 0x0000000800000000)
  region size 2048K, 40 young (81920K), 1 survivors (2048K)
 Metaspace       used 82753K, committed 83392K, reserved 1179648K
  class space    used 11494K, committed 11840K, reserved 1048576K
}
Event: 1349.764 GC heap after
{Heap after GC invocations=84 (full 6):
 garbage-first heap   total 524288K, used 84542K [0x0000000701800000, 0x0000000800000000)
  region size 2048K, 1 young (2048K), 1 survivors (2048K)
 Metaspace       used 82753K, committed 83392K, reserved 1179648K
  class space    used 11494K, committed 11840K, reserved 1048576K
}
Event: 1375.752 GC heap before
{Heap before GC invocations=84 (full 6):
 garbage-first heap   total 524288K, used 164414K [0x0000000701800000, 0x0000000800000000)
  region size 2048K, 40 young (81920K), 1 survivors (2048K)
 Metaspace       used 82773K, committed 83392K, reserved 1179648K
  class space    used 11494K, committed 11840K, reserved 1048576K
}
Event: 1375.754 GC heap after
{Heap after GC invocations=85 (full 6):
 garbage-first heap   total 524288K, used 84537K [0x0000000701800000, 0x0000000800000000)
  region size 2048K, 1 young (2048K), 1 survivors (2048K)
 Metaspace       used 82773K, committed 83392K, reserved 1179648K
  class space    used 11494K, committed 11840K, reserved 1048576K
}
Event: 1386.417 GC heap before
{Heap before GC invocations=85 (full 6):
 garbage-first heap   total 524288K, used 164409K [0x0000000701800000, 0x0000000800000000)
  region size 2048K, 40 young (81920K), 1 survivors (2048K)
 Metaspace       used 82788K, committed 83456K, reserved 1179648K
  class space    used 11494K, committed 11840K, reserved 1048576K
}
Event: 1386.419 GC heap after
{Heap after GC invocations=86 (full 6):
 garbage-first heap   total 524288K, used 84896K [0x0000000701800000, 0x0000000800000000)
  region size 2048K, 2 young (4096K), 2 survivors (4096K)
 Metaspace       used 82788K, committed 83456K, reserved 1179648K
  class space    used 11494K, committed 11840K, reserved 1048576K
}
Event: 1533.438 GC heap before
{Heap before GC invocations=86 (full 6):
 garbage-first heap   total 524288K, used 162720K [0x0000000701800000, 0x0000000800000000)
  region size 2048K, 40 young (81920K), 2 survivors (4096K)
 Metaspace       used 82788K, committed 83456K, reserved 1179648K
  class space    used 11494K, committed 11840K, reserved 1048576K
}
Event: 1533.444 GC heap after
{Heap after GC invocations=87 (full 6):
 garbage-first heap   total 524288K, used 85064K [0x0000000701800000, 0x0000000800000000)
  region size 2048K, 2 young (4096K), 2 survivors (4096K)
 Metaspace       used 82788K, committed 83456K, reserved 1179648K
  class space    used 11494K, committed 11840K, reserved 1048576K
}
Event: 1690.955 GC heap before
{Heap before GC invocations=87 (full 6):
 garbage-first heap   total 524288K, used 162888K [0x0000000701800000, 0x0000000800000000)
  region size 2048K, 40 young (81920K), 2 survivors (4096K)
 Metaspace       used 82788K, committed 83456K, reserved 1179648K
  class space    used 11494K, committed 11840K, reserved 1048576K
}
Event: 1690.957 GC heap after
{Heap after GC invocations=88 (full 6):
 garbage-first heap   total 524288K, used 85130K [0x0000000701800000, 0x0000000800000000)
  region size 2048K, 2 young (4096K), 2 survivors (4096K)
 Metaspace       used 82788K, committed 83456K, reserved 1179648K
  class space    used 11494K, committed 11840K, reserved 1048576K
}
Event: 1850.373 GC heap before
{Heap before GC invocations=88 (full 6):
 garbage-first heap   total 524288K, used 162954K [0x0000000701800000, 0x0000000800000000)
  region size 2048K, 40 young (81920K), 2 survivors (4096K)
 Metaspace       used 82788K, committed 83456K, reserved 1179648K
  class space    used 11494K, committed 11840K, reserved 1048576K
}
Event: 1850.375 GC heap after
{Heap after GC invocations=89 (full 6):
 garbage-first heap   total 524288K, used 85131K [0x0000000701800000, 0x0000000800000000)
  region size 2048K, 2 young (4096K), 2 survivors (4096K)
 Metaspace       used 82788K, committed 83456K, reserved 1179648K
  class space    used 11494K, committed 11840K, reserved 1048576K
}
Event: 2009.801 GC heap before
{Heap before GC invocations=89 (full 6):
 garbage-first heap   total 524288K, used 162955K [0x0000000701800000, 0x0000000800000000)
  region size 2048K, 40 young (81920K), 2 survivors (4096K)
 Metaspace       used 82788K, committed 83456K, reserved 1179648K
  class space    used 11494K, committed 11840K, reserved 1048576K
}
Event: 2009.807 GC heap after
{Heap after GC invocations=90 (full 6):
 garbage-first heap   total 524288K, used 85031K [0x0000000701800000, 0x0000000800000000)
  region size 2048K, 2 young (4096K), 2 survivors (4096K)
 Metaspace       used 82788K, committed 83456K, reserved 1179648K
  class space    used 11494K, committed 11840K, reserved 1048576K
}
Event: 2134.938 GC heap before
{Heap before GC invocations=90 (full 6):
 garbage-first heap   total 524288K, used 162855K [0x0000000701800000, 0x0000000800000000)
  region size 2048K, 40 young (81920K), 2 survivors (4096K)
 Metaspace       used 82789K, committed 83456K, reserved 1179648K
  class space    used 11494K, committed 11840K, reserved 1048576K
}
Event: 2134.940 GC heap after
{Heap after GC invocations=91 (full 6):
 garbage-first heap   total 524288K, used 85092K [0x0000000701800000, 0x0000000800000000)
  region size 2048K, 2 young (4096K), 2 survivors (4096K)
 Metaspace       used 82789K, committed 83456K, reserved 1179648K
  class space    used 11494K, committed 11840K, reserved 1048576K
}

